# JRE version: OpenJDK Runtime Environment (8.0_152) (build 1.8.0_152-release-1343-b16-5323222)
# Java VM: OpenJDK 64-Bit Server VM (25.152-b16-5323222 mixed mode linux-amd64 compressed oops)
Heap:
 PSYoungGen      total 412160K, used 3707K [0x00000000e0000000, 0x00000000faf80000, 0x0000000100000000)
  eden space 383488K, 0% used [0x00000000e0000000,0x00000000e0000000,0x00000000f7680000)
  from space 28672K, 12% used [0x00000000f7680000,0x00000000f7a1edb8,0x00000000f9280000)
  to   space 29696K, 0% used [0x00000000f9280000,0x00000000f9280000,0x00000000faf80000)
 ParOldGen       total 124416K, used 80920K [0x00000000a0000000, 0x00000000a7980000, 0x00000000e0000000)
  object space 124416K, 65% used [0x00000000a0000000,0x00000000a4f06138,0x00000000a7980000)
 Metaspace       used 119154K, capacity 124490K, committed 124712K, reserved 1159168K
  class space    used 14928K, capacity 15906K, committed 15920K, reserved 1048576K
GC Heap History (10 events):
Event: 1809.166 GC heap after
Heap after GC invocations=32 (full 4):
 PSYoungGen      total 276480K, used 12228K [0x00000000e0000000, 0x00000000f3100000, 0x0000000100000000)
  eden space 249856K, 0% used [0x00000000e0000000,0x00000000e0000000,0x00000000ef400000)
  from space 26624K, 45% used [0x00000000f1700000,0x00000000f22f1058,0x00000000f3100000)
  to   space 31232K, 0% used [0x00000000ef400000,0x00000000ef400000,0x00000000f1280000)
 ParOldGen       total 124416K, used 74046K [0x00000000a0000000, 0x00000000a7980000, 0x00000000e0000000)
  object space 124416K, 59% used [0x00000000a0000000,0x00000000a484fad0,0x00000000a7980000)
 Metaspace       used 116051K, capacity 120808K, committed 121128K, reserved 1155072K
  class space    used 14679K, capacity 15579K, committed 15664K, reserved 1048576K
}
Event: 1814.001 GC heap before
{Heap before GC invocations=33 (full 4):
 PSYoungGen      total 276480K, used 262084K [0x00000000e0000000, 0x00000000f3100000, 0x0000000100000000)
  eden space 249856K, 100% used [0x00000000e0000000,0x00000000ef400000,0x00000000ef400000)
  from space 26624K, 45% used [0x00000000f1700000,0x00000000f22f1058,0x00000000f3100000)
  to   space 31232K, 0% used [0x00000000ef400000,0x00000000ef400000,0x00000000f1280000)
 ParOldGen       total 124416K, used 74046K [0x00000000a0000000, 0x00000000a7980000, 0x00000000e0000000)
  object space 124416K, 59% used [0x00000000a0000000,0x00000000a484fad0,0x00000000a7980000)
 Metaspace       used 118388K, capacity 123674K, committed 123944K, reserved 1157120K
  class space    used 14907K, capacity 15866K, committed 15920K, reserved 1048576K
Event: 1815.165 GC heap after
Heap after GC invocations=33 (full 4):
 PSYoungGen      total 281088K, used 5851K [0x00000000e0000000, 0x00000000f6e00000, 0x0000000100000000)
  eden space 249856K, 0% used [0x00000000e0000000,0x00000000e0000000,0x00000000ef400000)
  from space 31232K, 18% used [0x00000000ef400000,0x00000000ef9b6fd8,0x00000000f1280000)
  to   space 30720K, 0% used [0x00000000f5000000,0x00000000f5000000,0x00000000f6e00000)
 ParOldGen       total 124416K, used 76829K [0x00000000a0000000, 0x00000000a7980000, 0x00000000e0000000)
  object space 124416K, 61% used [0x00000000a0000000,0x00000000a4b074e8,0x00000000a7980000)
 Metaspace       used 118388K, capacity 123674K, committed 123944K, reserved 1157120K
  class space    used 14907K, capacity 15866K, committed 15920K, reserved 1048576K
}
Event: 1819.578 GC heap before
{Heap before GC invocations=34 (full 4):
 PSYoungGen      total 281088K, used 255707K [0x00000000e0000000, 0x00000000f6e00000, 0x0000000100000000)
  eden space 249856K, 100% used [0x00000000e0000000,0x00000000ef400000,0x00000000ef400000)
  from space 31232K, 18% used [0x00000000ef400000,0x00000000ef9b6fd8,0x00000000f1280000)
  to   space 30720K, 0% used [0x00000000f5000000,0x00000000f5000000,0x00000000f6e00000)
 ParOldGen       total 124416K, used 76829K [0x00000000a0000000, 0x00000000a7980000, 0x00000000e0000000)
  object space 124416K, 61% used [0x00000000a0000000,0x00000000a4b074e8,0x00000000a7980000)
 Metaspace       used 118791K, capacity 124116K, committed 124200K, reserved 1157120K
  class space    used 14925K, capacity 15903K, committed 15920K, reserved 1048576K
Event: 1819.606 GC heap after
Heap after GC invocations=34 (full 4):
 PSYoungGen      total 337920K, used 3614K [0x00000000e0000000, 0x00000000f6a80000, 0x0000000100000000)
  eden space 310784K, 0% used [0x00000000e0000000,0x00000000e0000000,0x00000000f2f80000)
  from space 27136K, 13% used [0x00000000f5000000,0x00000000f5387950,0x00000000f6a80000)
  to   space 30208K, 0% used [0x00000000f2f80000,0x00000000f2f80000,0x00000000f4d00000)
 ParOldGen       total 124416K, used 78810K [0x00000000a0000000, 0x00000000a7980000, 0x00000000e0000000)
  object space 124416K, 63% used [0x00000000a0000000,0x00000000a4cf68c0,0x00000000a7980000)
 Metaspace       used 118791K, capacity 124116K, committed 124200K, reserved 1157120K
  class space    used 14925K, capacity 15903K, committed 15920K, reserved 1048576K
}
Event: 1822.984 GC heap before
{Heap before GC invocations=35 (full 4):
 PSYoungGen      total 337920K, used 314398K [0x00000000e0000000, 0x00000000f6a80000, 0x0000000100000000)
  eden space 310784K, 100% used [0x00000000e0000000,0x00000000f2f80000,0x00000000f2f80000)
  from space 27136K, 13% used [0x00000000f5000000,0x00000000f5387950,0x00000000f6a80000)
  to   space 30208K, 0% used [0x00000000f2f80000,0x00000000f2f80000,0x00000000f4d00000)
 ParOldGen       total 124416K, used 78810K [0x00000000a0000000, 0x00000000a7980000, 0x00000000e0000000)
  object space 124416K, 63% used [0x00000000a0000000,0x00000000a4cf68c0,0x00000000a7980000)
 Metaspace       used 118909K, capacity 124260K, committed 124456K, reserved 1157120K
  class space    used 14925K, capacity 15903K, committed 15920K, reserved 1048576K
Event: 1823.001 GC heap after
Heap after GC invocations=35 (full 4):
 PSYoungGen      total 340992K, used 2188K [0x00000000e0000000, 0x00000000faf80000, 0x0000000100000000)
  eden space 310784K, 0% used [0x00000000e0000000,0x00000000e0000000,0x00000000f2f80000)
  from space 30208K, 7% used [0x00000000f2f80000,0x00000000f31a3340,0x00000000f4d00000)
  to   space 29696K, 0% used [0x00000000f9280000,0x00000000f9280000,0x00000000faf80000)
 ParOldGen       total 124416K, used 79468K [0x00000000a0000000, 0x00000000a7980000, 0x00000000e0000000)
  object space 124416K, 63% used [0x00000000a0000000,0x00000000a4d9b1f0,0x00000000a7980000)
 Metaspace       used 118909K, capacity 124260K, committed 124456K, reserved 1157120K
  class space    used 14925K, capacity 15903K, committed 15920K, reserved 1048576K
}
Event: 1824.971 GC heap before
{Heap before GC invocations=36 (full 4):
 PSYoungGen      total 340992K, used 312972K [0x00000000e0000000, 0x00000000faf80000, 0x0000000100000000)
  eden space 310784K, 100% used [0x00000000e0000000,0x00000000f2f80000,0x00000000f2f80000)
  from space 30208K, 7% used [0x00000000f2f80000,0x00000000f31a3340,0x00000000f4d00000)
  to   space 29696K, 0% used [0x00000000f9280000,0x00000000f9280000,0x00000000faf80000)
 ParOldGen       total 124416K, used 79468K [0x00000000a0000000, 0x00000000a7980000, 0x00000000e0000000)
  object space 124416K, 63% used [0x00000000a0000000,0x00000000a4d9b1f0,0x00000000a7980000)
 Metaspace       used 119047K, capacity 124344K, committed 124456K, reserved 1157120K
  class space    used 14927K, capacity 15905K, committed 15920K, reserved 1048576K
Event: 1825.085 GC heap after
Heap after GC invocations=36 (full 4):
 PSYoungGen      total 413184K, used 3925K [0x00000000e0000000, 0x00000000faf80000, 0x0000000100000000)
  eden space 383488K, 0% used [0x00000000e0000000,0x00000000e0000000,0x00000000f7680000)
  from space 29696K, 13% used [0x00000000f9280000,0x00000000f9655658,0x00000000faf80000)
  to   space 28672K, 0% used [0x00000000f7680000,0x00000000f7680000,0x00000000f9280000)
 ParOldGen       total 124416K, used 80794K [0x00000000a0000000, 0x00000000a7980000, 0x00000000e0000000)
  object space 124416K, 64% used [0x00000000a0000000,0x00000000a4ee6950,0x00000000a7980000)
 Metaspace       used 119047K, capacity 124344K, committed 124456K, reserved 1157120K
  class space    used 14927K, capacity 15905K, committed 15920K, reserved 1048576K
}
Event: 1827.124 GC heap before
{Heap before GC invocations=37 (full 4):
 PSYoungGen      total 413184K, used 387413K [0x00000000e0000000, 0x00000000faf80000, 0x0000000100000000)
  eden space 383488K, 100% used [0x00000000e0000000,0x00000000f7680000,0x00000000f7680000)
  from space 29696K, 13% used [0x00000000f9280000,0x00000000f9655658,0x00000000faf80000)
  to   space 28672K, 0% used [0x00000000f7680000,0x00000000f7680000,0x00000000f9280000)
 ParOldGen       total 124416K, used 80794K [0x00000000a0000000, 0x00000000a7980000, 0x00000000e0000000)
  object space 124416K, 64% used [0x00000000a0000000,0x00000000a4ee6950,0x00000000a7980000)
 Metaspace       used 119154K, capacity 124490K, committed 124712K, reserved 1159168K
  class space    used 14928K, capacity 15906K, committed 15920K, reserved 1048576K

